dhc-avisophp01.servers;root
dhc-boliviano01.servers;root
dhc-boliviano02.servers;root
dhc-boliviano03.servers;root
dhc-boliviano04.servers;root
dhc-boliviano05.servers;root
dhc-boliviano06.servers;root
dhc-boliviano07.servers;root
dhc-boliviano08.servers;root
dhc-boliviano09.servers;root
dhc-boliviano10.servers;root
dhc-boliviano11.servers;root
dhc-boliviano12.servers;root
dhc-boliviano13.servers;root
dhc-boliviano14.servers;root
dhc-caos;root
dhc-chef.servers;root
dhc-chileno01.servers;root
dhc-chileno02.servers;root
dhc-chileno03.servers;root
dhc-chileno04.servers;root
dhc-chileno05.servers;root
dhc-chileno06.servers;root
dhc-chileno07.servers;root
dhc-chileno08.servers;root
dhc-chileno09.servers;root
dhc-chileno10.servers;root
